<?xml version="1.0" encoding="UTF-8"?>
<!-- Generated by org.testng.reporters.JUnitReportReporter -->
<testsuite hostname="Arunnivetha" failures="0" tests="1" name="testcases.addToCart" time="27.559" errors="0" timestamp="2025-01-16T18:05:00 IST" skipped="0">
  <testcase classname="testcases.addToCart" name="run" time="27.559"/>
  <system-out/>
</testsuite> <!-- testcases.addToCart -->
